<?xml version="1.0" encoding="UTF-8"?>
<!-- Generated by org.testng.reporters.JUnitReportReporter -->
<testsuite hostname="Saanvi" failures="0" tests="2" name="com.learnautomation.testcases.LoginTestCRM" time="5.036" errors="0" timestamp="19 Mar 2021 18:06:41 GMT" skipped="0">
  <testcase classname="com.learnautomation.testcases.LoginTestCRM" name="loginApp" time="4.356"/>
  <testcase classname="com.learnautomation.testcases.LoginTestCRM" name="loginApp1" time="0.680"/>
</testsuite> <!-- com.learnautomation.testcases.LoginTestCRM -->
